# JRE version: OpenJDK Runtime Environment Microsoft-8035246 (17.0.8+7) (build 17.0.8+7-LTS)
# Java VM: OpenJDK 64-Bit Server VM Microsoft-8035246 (17.0.8+7-LTS, mixed mode, sharing, tiered, compressed oops, compressed class ptrs, g1 gc, windows-amd64)
GC Precious Log:
 CPUs: 6 total, 6 available
 Memory: 24520M
 Large Page Support: Disabled
 NUMA Support: Disabled
 Compressed Oops: Enabled (32-bit)
 Heap Region Size: 1M
 Heap Min Capacity: 8M
 Heap Initial Capacity: 384M
 Heap Max Capacity: 2G
 Pre-touch: Disabled
 Parallel Workers: 6
 Concurrent Workers: 2
 Concurrent Refinement Workers: 6
 Periodic GC: Disabled
Heap:
 garbage-first heap   total 471040K, used 396111K [0x0000000080000000, 0x0000000100000000)
  region size 1024K, 26 young (26624K), 7 survivors (7168K)
 Metaspace       used 118328K, committed 120384K, reserved 557056K
  class space    used 16226K, committed 17152K, reserved 425984K
GC Heap History (20 events):
Event: 56.129 GC heap before
{Heap before GC invocations=77 (full 0):
 garbage-first heap   total 402432K, used 353124K [0x0000000080000000, 0x0000000100000000)
  region size 1024K, 27 young (27648K), 4 survivors (4096K)
 Metaspace       used 111447K, committed 113472K, reserved 557056K
  class space    used 15492K, committed 16384K, reserved 425984K
}
Event: 56.133 GC heap after
{Heap after GC invocations=78 (full 0):
 garbage-first heap   total 402432K, used 332552K [0x0000000080000000, 0x0000000100000000)
  region size 1024K, 4 young (4096K), 4 survivors (4096K)
 Metaspace       used 111447K, committed 113472K, reserved 557056K
  class space    used 15492K, committed 16384K, reserved 425984K
}
Event: 56.205 GC heap before
{Heap before GC invocations=78 (full 0):
 garbage-first heap   total 402432K, used 355080K [0x0000000080000000, 0x0000000100000000)
  region size 1024K, 27 young (27648K), 4 survivors (4096K)
 Metaspace       used 111447K, committed 113472K, reserved 557056K
  class space    used 15492K, committed 16384K, reserved 425984K
}
Event: 56.208 GC heap after
{Heap after GC invocations=79 (full 0):
 garbage-first heap   total 402432K, used 333688K [0x0000000080000000, 0x0000000100000000)
  region size 1024K, 4 young (4096K), 4 survivors (4096K)
 Metaspace       used 111447K, committed 113472K, reserved 557056K
  class space    used 15492K, committed 16384K, reserved 425984K
}
Event: 56.286 GC heap before
{Heap before GC invocations=79 (full 0):
 garbage-first heap   total 402432K, used 354168K [0x0000000080000000, 0x0000000100000000)
  region size 1024K, 25 young (25600K), 4 survivors (4096K)
 Metaspace       used 111448K, committed 113472K, reserved 557056K
  class space    used 15492K, committed 16384K, reserved 425984K
}
Event: 56.289 GC heap after
{Heap after GC invocations=80 (full 0):
 garbage-first heap   total 471040K, used 334989K [0x0000000080000000, 0x0000000100000000)
  region size 1024K, 3 young (3072K), 3 survivors (3072K)
 Metaspace       used 111448K, committed 113472K, reserved 557056K
  class space    used 15492K, committed 16384K, reserved 425984K
}
Event: 56.598 GC heap before
{Heap before GC invocations=80 (full 0):
 garbage-first heap   total 471040K, used 411789K [0x0000000080000000, 0x0000000100000000)
  region size 1024K, 75 young (76800K), 3 survivors (3072K)
 Metaspace       used 111478K, committed 113472K, reserved 557056K
  class space    used 15493K, committed 16384K, reserved 425984K
}
Event: 56.605 GC heap after
{Heap after GC invocations=81 (full 0):
 garbage-first heap   total 471040K, used 339132K [0x0000000080000000, 0x0000000100000000)
  region size 1024K, 7 young (7168K), 7 survivors (7168K)
 Metaspace       used 111478K, committed 113472K, reserved 557056K
  class space    used 15493K, committed 16384K, reserved 425984K
}
Event: 57.069 GC heap before
{Heap before GC invocations=81 (full 0):
 garbage-first heap   total 471040K, used 413884K [0x0000000080000000, 0x0000000100000000)
  region size 1024K, 76 young (77824K), 7 survivors (7168K)
 Metaspace       used 112802K, committed 114816K, reserved 557056K
  class space    used 15614K, committed 16512K, reserved 425984K
}
Event: 57.075 GC heap after
{Heap after GC invocations=82 (full 0):
 garbage-first heap   total 471040K, used 341149K [0x0000000080000000, 0x0000000100000000)
  region size 1024K, 3 young (3072K), 3 survivors (3072K)
 Metaspace       used 112802K, committed 114816K, reserved 557056K
  class space    used 15614K, committed 16512K, reserved 425984K
}
Event: 59.593 GC heap before
{Heap before GC invocations=82 (full 0):
 garbage-first heap   total 471040K, used 417949K [0x0000000080000000, 0x0000000100000000)
  region size 1024K, 71 young (72704K), 3 survivors (3072K)
 Metaspace       used 115616K, committed 117568K, reserved 557056K
  class space    used 15939K, committed 16832K, reserved 425984K
}
Event: 59.600 GC heap after
{Heap after GC invocations=83 (full 0):
 garbage-first heap   total 471040K, used 344936K [0x0000000080000000, 0x0000000100000000)
  region size 1024K, 7 young (7168K), 7 survivors (7168K)
 Metaspace       used 115616K, committed 117568K, reserved 557056K
  class space    used 15939K, committed 16832K, reserved 425984K
}
Event: 391.775 GC heap before
{Heap before GC invocations=83 (full 0):
 garbage-first heap   total 471040K, used 410472K [0x0000000080000000, 0x0000000100000000)
  region size 1024K, 72 young (73728K), 7 survivors (7168K)
 Metaspace       used 117752K, committed 119744K, reserved 557056K
  class space    used 16209K, committed 17088K, reserved 425984K
}
Event: 391.785 GC heap after
{Heap after GC invocations=84 (full 0):
 garbage-first heap   total 471040K, used 348942K [0x0000000080000000, 0x0000000100000000)
  region size 1024K, 9 young (9216K), 9 survivors (9216K)
 Metaspace       used 117752K, committed 119744K, reserved 557056K
  class space    used 16209K, committed 17088K, reserved 425984K
}
Event: 1318.927 GC heap before
{Heap before GC invocations=84 (full 0):
 garbage-first heap   total 471040K, used 410382K [0x0000000080000000, 0x0000000100000000)
  region size 1024K, 70 young (71680K), 9 survivors (9216K)
 Metaspace       used 118052K, committed 120000K, reserved 557056K
  class space    used 16216K, committed 17088K, reserved 425984K
}
Event: 1318.934 GC heap after
{Heap after GC invocations=85 (full 0):
 garbage-first heap   total 471040K, used 354086K [0x0000000080000000, 0x0000000100000000)
  region size 1024K, 9 young (9216K), 9 survivors (9216K)
 Metaspace       used 118052K, committed 120000K, reserved 557056K
  class space    used 16216K, committed 17088K, reserved 425984K
}
Event: 1325.106 GC heap before
{Heap before GC invocations=85 (full 0):
 garbage-first heap   total 471040K, used 409382K [0x0000000080000000, 0x0000000100000000)
  region size 1024K, 64 young (65536K), 9 survivors (9216K)
 Metaspace       used 118170K, committed 120192K, reserved 557056K
  class space    used 16222K, committed 17152K, reserved 425984K
}
Event: 1325.119 GC heap after
{Heap after GC invocations=86 (full 0):
 garbage-first heap   total 471040K, used 363743K [0x0000000080000000, 0x0000000100000000)
  region size 1024K, 8 young (8192K), 8 survivors (8192K)
 Metaspace       used 118170K, committed 120192K, reserved 557056K
  class space    used 16222K, committed 17152K, reserved 425984K
}
Event: 1325.370 GC heap before
{Heap before GC invocations=86 (full 0):
 garbage-first heap   total 471040K, used 407775K [0x0000000080000000, 0x0000000100000000)
  region size 1024K, 51 young (52224K), 8 survivors (8192K)
 Metaspace       used 118291K, committed 120384K, reserved 557056K
  class space    used 16226K, committed 17152K, reserved 425984K
}
Event: 1325.382 GC heap after
{Heap after GC invocations=87 (full 0):
 garbage-first heap   total 471040K, used 378703K [0x0000000080000000, 0x0000000100000000)
  region size 1024K, 7 young (7168K), 7 survivors (7168K)
 Metaspace       used 118291K, committed 120384K, reserved 557056K
  class space    used 16226K, committed 17152K, reserved 425984K
}

